<?xml version="1.0" encoding="UTF-8"?>
<!-- Generated by org.testng.reporters.JUnitReportReporter -->
<testsuite skipped="1" hostname="EPINPUNW0039" name="com.epam.cleartrip.steps.OneWayTripTest" tests="1" failures="0" timestamp="27 Aug 2018 10:52:07 GMT" time="0.000" errors="0">
  <testcase name="onewayTrip" time="0.000" classname="com.epam.cleartrip.steps.OneWayTripTest">
    <skipped/>
  </testcase> <!-- onewayTrip -->
</testsuite> <!-- com.epam.cleartrip.steps.OneWayTripTest -->
